<?xml version="1.0" encoding="UTF-8"?>
<testng-results ignored="0" total="1" passed="1" failed="0" skipped="0">
  <reporter-output>
  </reporter-output>
  <suite started-at="2021-11-18T19:25:45 IST" name="Default suite" finished-at="2021-11-18T19:26:28 IST" duration-ms="43703">
    <groups>
    </groups>
    <test started-at="2021-11-18T19:25:45 IST" name="Default test" finished-at="2021-11-18T19:26:28 IST" duration-ms="43703">
      <class name="pageobject.CartHandling">
        <test-method is-config="true" signature="initialise()[pri:0, instance:pageobject.CartHandling@1807e3f6]" started-at="2021-11-18T19:25:45 IST" name="initialise" finished-at="2021-11-18T19:25:53 IST" duration-ms="8499" status="PASS">
          <reporter-output>
          </reporter-output>
        </test-method> <!-- initialise -->
        <test-method signature="logintest()[pri:0, instance:pageobject.CartHandling@1807e3f6]" started-at="2021-11-18T19:25:53 IST" name="logintest" finished-at="2021-11-18T19:26:28 IST" duration-ms="34789" status="PASS">
          <reporter-output>
          </reporter-output>
        </test-method> <!-- logintest -->
        <test-method is-config="true" signature="close()[pri:0, instance:pageobject.CartHandling@1807e3f6]" started-at="2021-11-18T19:26:28 IST" name="close" finished-at="2021-11-18T19:26:28 IST" duration-ms="376" status="PASS">
          <reporter-output>
          </reporter-output>
        </test-method> <!-- close -->
      </class> <!-- pageobject.CartHandling -->
    </test> <!-- Default test -->
  </suite> <!-- Default suite -->
</testng-results>
